<?xml version="1.0" encoding="UTF-8"?>
<coverage generated="1741373754393" clover="3.2.0">
  <project timestamp="1741373754393" name="All files">
    <metrics statements="18" coveredstatements="16" conditionals="2" coveredconditionals="1" methods="4" coveredmethods="3" elements="24" coveredelements="20" complexity="0" loc="18" ncloc="18" packages="1" files="1" classes="1"/>
    <file name="index.js" path="C:\Users\siris\OneDrive\Desktop\VolunteerProjectFrontEnd\VolunteerProjectFrontEnd\server\index.js">
      <metrics statements="18" coveredstatements="16" conditionals="2" coveredconditionals="1" methods="4" coveredmethods="3"/>
      <line num="1" count="1" type="stmt"/>
      <line num="2" count="1" type="stmt"/>
      <line num="4" count="1" type="stmt"/>
      <line num="5" count="1" type="stmt"/>
      <line num="7" count="1" type="stmt"/>
      <line num="8" count="1" type="stmt"/>
      <line num="10" count="1" type="stmt"/>
      <line num="23" count="1" type="stmt"/>
      <line num="24" count="1" type="stmt"/>
      <line num="28" count="1" type="stmt"/>
      <line num="29" count="1" type="stmt"/>
      <line num="33" count="1" type="stmt"/>
      <line num="34" count="2" type="stmt"/>
      <line num="35" count="2" type="stmt"/>
      <line num="39" count="1" type="cond" truecount="1" falsecount="1"/>
      <line num="40" count="0" type="stmt"/>
      <line num="41" count="0" type="stmt"/>
      <line num="45" count="1" type="stmt"/>
    </file>
  </project>
</coverage>
