TN:
SF:index.js
FN:21,(anonymous_0)
FN:24,(anonymous_1)
FN:31,(anonymous_2)
FN:34,(anonymous_3)
FN:38,(anonymous_4)
FN:41,(anonymous_5)
FN:59,(anonymous_6)
FN:67,(anonymous_7)
FN:72,(anonymous_8)
FN:74,(anonymous_9)
FN:75,(anonymous_10)
FN:83,(anonymous_11)
FN:84,(anonymous_12)
FN:94,(anonymous_13)
FN:98,(anonymous_14)
FN:117,(anonymous_15)
FN:122,(anonymous_16)
FN:129,(anonymous_17)
FN:140,(anonymous_18)
FN:150,(anonymous_19)
FN:160,(anonymous_20)
FN:183,(anonymous_21)
FN:187,(anonymous_22)
FN:191,(anonymous_23)
FN:195,(anonymous_24)
FN:200,(anonymous_25)
FN:207,(anonymous_26)
FN:219,(anonymous_27)
FN:228,(anonymous_28)
FN:238,(anonymous_29)
FN:256,(anonymous_30)
FN:257,(anonymous_31)
FN:263,(anonymous_32)
FN:272,(anonymous_33)
FN:288,(anonymous_34)
FN:298,(anonymous_35)
FN:304,(anonymous_36)
FN:314,(anonymous_37)
FN:319,(anonymous_38)
FN:321,(anonymous_39)
FN:326,(anonymous_40)
FN:328,(anonymous_41)
FN:333,(anonymous_42)
FN:339,(anonymous_43)
FN:340,(anonymous_44)
FN:341,(anonymous_45)
FN:342,(anonymous_46)
FN:355,(anonymous_47)
FN:356,(anonymous_48)
FN:365,(anonymous_49)
FN:367,(anonymous_50)
FN:373,(anonymous_51)
FN:378,(anonymous_52)
FN:381,(anonymous_53)
FN:399,parsing
FN:400,(anonymous_55)
FN:403,formatSkills
FN:407,(anonymous_57)
FN:420,(anonymous_58)
FN:450,(anonymous_59)
FN:475,(anonymous_60)
FN:496,(anonymous_61)
FN:513,(anonymous_62)
FN:552,(anonymous_63)
FN:571,(anonymous_64)
FN:592,(anonymous_65)
FN:617,(anonymous_66)
FN:649,(anonymous_67)
FNF:68
FNH:10
FNDA:0,(anonymous_0)
FNDA:0,(anonymous_1)
FNDA:0,(anonymous_2)
FNDA:0,(anonymous_3)
FNDA:0,(anonymous_4)
FNDA:0,(anonymous_5)
FNDA:0,(anonymous_6)
FNDA:0,(anonymous_7)
FNDA:0,(anonymous_8)
FNDA:0,(anonymous_9)
FNDA:0,(anonymous_10)
FNDA:0,(anonymous_11)
FNDA:0,(anonymous_12)
FNDA:0,(anonymous_13)
FNDA:2,(anonymous_14)
FNDA:0,(anonymous_15)
FNDA:0,(anonymous_16)
FNDA:0,(anonymous_17)
FNDA:1,(anonymous_18)
FNDA:0,(anonymous_19)
FNDA:0,(anonymous_20)
FNDA:0,(anonymous_21)
FNDA:1,(anonymous_22)
FNDA:1,(anonymous_23)
FNDA:1,(anonymous_24)
FNDA:0,(anonymous_25)
FNDA:0,(anonymous_26)
FNDA:1,(anonymous_27)
FNDA:0,(anonymous_28)
FNDA:0,(anonymous_29)
FNDA:0,(anonymous_30)
FNDA:0,(anonymous_31)
FNDA:0,(anonymous_32)
FNDA:2,(anonymous_33)
FNDA:0,(anonymous_34)
FNDA:1,(anonymous_35)
FNDA:0,(anonymous_36)
FNDA:0,(anonymous_37)
FNDA:0,(anonymous_38)
FNDA:0,(anonymous_39)
FNDA:0,(anonymous_40)
FNDA:0,(anonymous_41)
FNDA:0,(anonymous_42)
FNDA:0,(anonymous_43)
FNDA:0,(anonymous_44)
FNDA:0,(anonymous_45)
FNDA:0,(anonymous_46)
FNDA:0,(anonymous_47)
FNDA:0,(anonymous_48)
FNDA:0,(anonymous_49)
FNDA:0,(anonymous_50)
FNDA:0,(anonymous_51)
FNDA:0,(anonymous_52)
FNDA:0,(anonymous_53)
FNDA:0,parsing
FNDA:0,(anonymous_55)
FNDA:0,formatSkills
FNDA:4,(anonymous_57)
FNDA:0,(anonymous_58)
FNDA:0,(anonymous_59)
FNDA:0,(anonymous_60)
FNDA:0,(anonymous_61)
FNDA:1,(anonymous_62)
FNDA:0,(anonymous_63)
FNDA:0,(anonymous_64)
FNDA:0,(anonymous_65)
FNDA:0,(anonymous_66)
FNDA:0,(anonymous_67)
DA:1,1
DA:2,1
DA:3,1
DA:4,1
DA:5,1
DA:6,1
DA:8,1
DA:9,1
DA:11,1
DA:12,1
DA:14,1
DA:21,1
DA:22,0
DA:24,0
DA:25,0
DA:26,0
DA:28,0
DA:31,0
DA:32,0
DA:34,0
DA:35,0
DA:38,0
DA:39,0
DA:41,0
DA:43,0
DA:59,1
DA:60,0
DA:61,0
DA:64,0
DA:68,0
DA:69,0
DA:72,0
DA:73,0
DA:74,0
DA:76,0
DA:83,0
DA:84,0
DA:85,0
DA:89,0
DA:94,1
DA:95,0
DA:98,1
DA:99,2
DA:100,2
DA:101,2
DA:102,2
DA:103,2
DA:104,2
DA:105,2
DA:106,1
DA:108,1
DA:109,1
DA:111,0
DA:112,0
DA:115,0
DA:117,0
DA:118,0
DA:119,0
DA:120,0
DA:122,0
DA:123,0
DA:124,0
DA:125,0
DA:127,0
DA:128,0
DA:129,0
DA:130,0
DA:131,0
DA:133,0
DA:140,1
DA:141,1
DA:142,1
DA:143,1
DA:147,0
DA:151,0
DA:152,0
DA:153,0
DA:155,0
DA:156,0
DA:158,0
DA:160,0
DA:161,0
DA:162,0
DA:164,0
DA:165,0
DA:168,0
DA:183,1
DA:184,0
DA:187,1
DA:188,1
DA:191,1
DA:192,1
DA:195,1
DA:196,1
DA:197,1
DA:200,1
DA:202,0
DA:208,0
DA:209,0
DA:210,0
DA:212,0
DA:213,0
DA:219,1
DA:220,1
DA:222,1
DA:223,1
DA:226,0
DA:228,0
DA:229,0
DA:230,0
DA:231,0
DA:233,0
DA:238,1
DA:239,0
DA:241,0
DA:248,0
DA:250,0
DA:251,0
DA:256,1
DA:257,0
DA:258,0
DA:259,0
DA:260,0
DA:263,0
DA:267,0
DA:272,1
DA:273,2
DA:274,2
DA:275,0
DA:277,2
DA:278,1
DA:280,1
DA:281,1
DA:283,0
DA:284,0
DA:288,0
DA:289,0
DA:290,0
DA:291,0
DA:293,0
DA:298,1
DA:299,1
DA:300,1
DA:301,1
DA:304,0
DA:305,0
DA:306,0
DA:307,0
DA:309,0
DA:310,0
DA:312,0
DA:314,0
DA:315,0
DA:316,0
DA:317,0
DA:319,0
DA:321,0
DA:322,0
DA:323,0
DA:324,0
DA:326,0
DA:328,0
DA:329,0
DA:330,0
DA:331,0
DA:333,0
DA:339,0
DA:340,0
DA:341,0
DA:342,0
DA:344,0
DA:345,0
DA:347,0
DA:355,1
DA:356,0
DA:357,0
DA:358,0
DA:359,0
DA:361,0
DA:363,0
DA:364,0
DA:365,0
DA:367,0
DA:368,0
DA:369,0
DA:370,0
DA:373,0
DA:374,0
DA:375,0
DA:376,0
DA:378,0
DA:379,0
DA:381,0
DA:382,0
DA:389,0
DA:390,0
DA:391,0
DA:400,0
DA:404,0
DA:407,1
DA:408,4
DA:409,4
DA:411,4
DA:412,1
DA:414,3
DA:415,1
DA:418,2
DA:420,0
DA:421,0
DA:422,0
DA:423,0
DA:426,0
DA:428,0
DA:429,0
DA:430,0
DA:431,0
DA:432,0
DA:433,0
DA:435,0
DA:436,0
DA:438,0
DA:439,0
DA:440,0
DA:442,0
DA:443,0
DA:447,0
DA:448,0
DA:450,0
DA:451,0
DA:455,0
DA:456,0
DA:457,0
DA:458,0
DA:460,0
DA:463,0
DA:464,0
DA:465,0
DA:466,0
DA:468,0
DA:469,0
DA:470,0
DA:471,0
DA:475,0
DA:476,0
DA:477,0
DA:478,0
DA:479,0
DA:481,0
DA:482,0
DA:485,0
DA:486,0
DA:487,0
DA:490,0
DA:491,0
DA:492,0
DA:496,0
DA:497,0
DA:498,0
DA:499,0
DA:500,0
DA:503,0
DA:504,0
DA:507,0
DA:510,0
DA:513,1
DA:514,1
DA:515,0
DA:516,0
DA:519,1
DA:521,1
DA:523,0
DA:524,0
DA:525,0
DA:526,0
DA:527,0
DA:529,0
DA:530,0
DA:531,0
DA:534,0
DA:535,0
DA:537,0
DA:538,0
DA:539,0
DA:540,0
DA:541,0
DA:542,0
DA:544,0
DA:545,0
DA:549,0
DA:550,0
DA:552,0
DA:553,0
DA:557,0
DA:558,0
DA:561,0
DA:564,0
DA:565,0
DA:568,0
DA:569,0
DA:571,0
DA:572,0
DA:576,0
DA:577,0
DA:578,0
DA:587,0
DA:592,0
DA:593,0
DA:594,0
DA:595,0
DA:598,0
DA:599,0
DA:602,0
DA:605,0
DA:606,0
DA:607,0
DA:608,0
DA:610,0
DA:611,0
DA:612,0
DA:617,0
DA:618,0
DA:620,0
DA:621,0
DA:622,0
DA:625,0
DA:626,0
DA:631,1
DA:634,1
DA:636,1
DA:640,1
DA:641,0
DA:642,0
DA:643,0
DA:646,0
DA:649,0
DA:650,0
DA:654,1
LF:337
LH:73
BRDA:25,0,0,0
BRDA:25,0,1,0
BRDA:26,1,0,0
BRDA:26,1,1,0
BRDA:32,2,0,0
BRDA:32,2,1,0
BRDA:39,3,0,0
BRDA:39,3,1,0
BRDA:68,4,0,0
BRDA:68,4,1,0
BRDA:69,5,0,0
BRDA:69,5,1,0
BRDA:105,6,0,1
BRDA:105,6,1,1
BRDA:105,7,0,2
BRDA:105,7,1,1
BRDA:105,7,2,1
BRDA:108,8,0,1
BRDA:108,8,1,0
BRDA:111,9,0,0
BRDA:111,9,1,0
BRDA:118,10,0,0
BRDA:118,10,1,0
BRDA:123,11,0,0
BRDA:123,11,1,0
BRDA:130,12,0,0
BRDA:130,12,1,0
BRDA:142,13,0,1
BRDA:142,13,1,0
BRDA:142,14,0,1
BRDA:142,14,1,0
BRDA:151,15,0,0
BRDA:151,15,1,0
BRDA:155,16,0,0
BRDA:155,16,1,0
BRDA:161,17,0,0
BRDA:161,17,1,0
BRDA:164,18,0,0
BRDA:164,18,1,0
BRDA:208,19,0,0
BRDA:208,19,1,0
BRDA:222,20,0,1
BRDA:222,20,1,0
BRDA:222,21,0,1
BRDA:222,21,1,0
BRDA:222,21,2,0
BRDA:229,22,0,0
BRDA:229,22,1,0
BRDA:258,23,0,0
BRDA:258,23,1,0
BRDA:265,24,0,0
BRDA:265,24,1,0
BRDA:274,25,0,0
BRDA:274,25,1,2
BRDA:274,26,0,2
BRDA:274,26,1,2
BRDA:274,26,2,2
BRDA:274,26,3,2
BRDA:274,26,4,2
BRDA:274,26,5,2
BRDA:277,27,0,1
BRDA:277,27,1,1
BRDA:280,28,0,1
BRDA:280,28,1,0
BRDA:289,29,0,0
BRDA:289,29,1,0
BRDA:300,30,0,1
BRDA:300,30,1,0
BRDA:305,31,0,0
BRDA:305,31,1,0
BRDA:309,32,0,0
BRDA:309,32,1,0
BRDA:315,33,0,0
BRDA:315,33,1,0
BRDA:322,34,0,0
BRDA:322,34,1,0
BRDA:329,35,0,0
BRDA:329,35,1,0
BRDA:335,36,0,0
BRDA:335,36,1,0
BRDA:345,37,0,0
BRDA:345,37,1,0
BRDA:357,38,0,0
BRDA:357,38,1,0
BRDA:361,39,0,0
BRDA:361,39,1,0
BRDA:368,40,0,0
BRDA:368,40,1,0
BRDA:374,41,0,0
BRDA:374,41,1,0
BRDA:390,42,0,0
BRDA:390,42,1,0
BRDA:399,43,0,0
BRDA:403,44,0,0
BRDA:411,45,0,1
BRDA:411,45,1,3
BRDA:414,46,0,1
BRDA:414,46,1,2
BRDA:418,47,0,0
BRDA:418,47,1,1
BRDA:418,47,2,1
BRDA:421,48,0,0
BRDA:421,48,1,0
BRDA:428,49,0,0
BRDA:428,49,1,0
BRDA:447,50,0,0
BRDA:447,50,1,0
BRDA:464,51,0,0
BRDA:464,51,1,0
BRDA:514,52,0,0
BRDA:514,52,1,1
BRDA:521,53,0,0
BRDA:521,53,1,0
BRDA:521,53,2,1
BRDA:549,54,0,0
BRDA:549,54,1,0
BRDA:571,55,0,0
BRDA:572,56,0,0
BRDA:572,56,1,0
BRDA:572,57,0,0
BRDA:572,57,1,0
BRDA:593,58,0,0
BRDA:593,58,1,0
BRDA:594,59,0,0
BRDA:594,59,1,0
BRDA:595,60,0,0
BRDA:595,60,1,0
BRDA:598,61,0,0
BRDA:598,61,1,0
BRDA:605,62,0,0
BRDA:605,62,1,0
BRDA:640,63,0,0
BRDA:640,63,1,1
BRDA:642,64,0,0
BRDA:642,64,1,0
BRF:135
BRH:30
end_of_record
