{"C:\\Users\\durut\\OneDrive\\Desktop\\SD1\\server\\index.js": {"path":"C:\\Users\\durut\\OneDrive\\Desktop\\SD1\\server\\index.js","statementMap":{"0":{"start":{"line":1,"column":16},"end":{"line":1,"column":34}},"1":{"start":{"line":2,"column":13},"end":{"line":2,"column":28}},"2":{"start":{"line":4,"column":12},"end":{"line":4,"column":21}},"3":{"start":{"line":5,"column":13},"end":{"line":5,"column":17}},"4":{"start":{"line":7,"column":0},"end":{"line":7,"column":16}},"5":{"start":{"line":8,"column":0},"end":{"line":8,"column":24}},"6":{"start":{"line":10,"column":20},"end":{"line":10,"column":51}},"7":{"start":{"line":11,"column":24},"end":{"line":11,"column":59}},"8":{"start":{"line":12,"column":0},"end":{"line":12,"column":29}},"9":{"start":{"line":13,"column":0},"end":{"line":13,"column":33}},"10":{"start":{"line":15,"column":20},"end":{"line":25,"column":1}},"11":{"start":{"line":28,"column":0},"end":{"line":30,"column":3}},"12":{"start":{"line":29,"column":4},"end":{"line":29,"column":61}},"13":{"start":{"line":33,"column":0},"end":{"line":35,"column":3}},"14":{"start":{"line":34,"column":4},"end":{"line":34,"column":28}},"15":{"start":{"line":38,"column":0},"end":{"line":41,"column":3}},"16":{"start":{"line":39,"column":4},"end":{"line":39,"column":29}},"17":{"start":{"line":40,"column":4},"end":{"line":40,"column":82}},"18":{"start":{"line":44,"column":22},"end":{"line":47,"column":1}},"19":{"start":{"line":49,"column":0},"end":{"line":51,"column":3}},"20":{"start":{"line":50,"column":4},"end":{"line":50,"column":28}},"21":{"start":{"line":53,"column":0},"end":{"line":66,"column":3}},"22":{"start":{"line":54,"column":41},"end":{"line":54,"column":49}},"23":{"start":{"line":55,"column":4},"end":{"line":57,"column":5}},"24":{"start":{"line":56,"column":8},"end":{"line":56,"column":75}},"25":{"start":{"line":59,"column":4},"end":{"line":61,"column":5}},"26":{"start":{"line":60,"column":8},"end":{"line":60,"column":94}},"27":{"start":{"line":63,"column":28},"end":{"line":63,"column":56}},"28":{"start":{"line":64,"column":4},"end":{"line":64,"column":40}},"29":{"start":{"line":65,"column":4},"end":{"line":65,"column":91}},"30":{"start":{"line":69,"column":25},"end":{"line":72,"column":1}},"31":{"start":{"line":74,"column":0},"end":{"line":76,"column":3}},"32":{"start":{"line":75,"column":4},"end":{"line":75,"column":31}},"33":{"start":{"line":78,"column":0},"end":{"line":82,"column":1}},"34":{"start":{"line":79,"column":4},"end":{"line":81,"column":7}},"35":{"start":{"line":80,"column":8},"end":{"line":80,"column":54}},"36":{"start":{"line":84,"column":0},"end":{"line":84,"column":21}}},"fnMap":{"0":{"name":"(anonymous_0)","decl":{"start":{"line":28,"column":16},"end":{"line":28,"column":17}},"loc":{"start":{"line":28,"column":30},"end":{"line":30,"column":1}},"line":28},"1":{"name":"(anonymous_1)","decl":{"start":{"line":33,"column":24},"end":{"line":33,"column":25}},"loc":{"start":{"line":33,"column":38},"end":{"line":35,"column":1}},"line":33},"2":{"name":"(anonymous_2)","decl":{"start":{"line":38,"column":25},"end":{"line":38,"column":26}},"loc":{"start":{"line":38,"column":39},"end":{"line":41,"column":1}},"line":38},"3":{"name":"(anonymous_3)","decl":{"start":{"line":49,"column":30},"end":{"line":49,"column":31}},"loc":{"start":{"line":49,"column":44},"end":{"line":51,"column":1}},"line":49},"4":{"name":"(anonymous_4)","decl":{"start":{"line":53,"column":31},"end":{"line":53,"column":32}},"loc":{"start":{"line":53,"column":45},"end":{"line":66,"column":1}},"line":53},"5":{"name":"(anonymous_5)","decl":{"start":{"line":74,"column":34},"end":{"line":74,"column":35}},"loc":{"start":{"line":74,"column":48},"end":{"line":76,"column":1}},"line":74},"6":{"name":"(anonymous_6)","decl":{"start":{"line":79,"column":21},"end":{"line":79,"column":22}},"loc":{"start":{"line":79,"column":27},"end":{"line":81,"column":5}},"line":79}},"branchMap":{"0":{"loc":{"start":{"line":55,"column":4},"end":{"line":57,"column":5}},"type":"if","locations":[{"start":{"line":55,"column":4},"end":{"line":57,"column":5}},{"start":{},"end":{}}],"line":55},"1":{"loc":{"start":{"line":55,"column":8},"end":{"line":55,"column":39}},"type":"binary-expr","locations":[{"start":{"line":55,"column":8},"end":{"line":55,"column":18}},{"start":{"line":55,"column":22},"end":{"line":55,"column":30}},{"start":{"line":55,"column":34},"end":{"line":55,"column":39}}],"line":55},"2":{"loc":{"start":{"line":59,"column":4},"end":{"line":61,"column":5}},"type":"if","locations":[{"start":{"line":59,"column":4},"end":{"line":61,"column":5}},{"start":{},"end":{}}],"line":59},"3":{"loc":{"start":{"line":78,"column":0},"end":{"line":82,"column":1}},"type":"if","locations":[{"start":{"line":78,"column":0},"end":{"line":82,"column":1}},{"start":{},"end":{}}],"line":78}},"s":{"0":1,"1":1,"2":1,"3":1,"4":1,"5":1,"6":1,"7":1,"8":1,"9":1,"10":1,"11":1,"12":1,"13":1,"14":1,"15":1,"16":2,"17":2,"18":1,"19":1,"20":1,"21":1,"22":3,"23":3,"24":1,"25":2,"26":1,"27":1,"28":1,"29":1,"30":1,"31":1,"32":1,"33":1,"34":0,"35":0,"36":1},"f":{"0":1,"1":1,"2":2,"3":1,"4":3,"5":1,"6":0},"b":{"0":[1,2],"1":[3,2,2],"2":[1,1],"3":[0,1]},"_coverageSchema":"1a1c01bbd47fc00a2c39e90264f33305004495a9","hash":"65f356b49480901fae4257adbc9e6cfc1487b9a6"}
,"C:\\Users\\durut\\OneDrive\\Desktop\\SD1\\server\\data\\events.js": {"path":"C:\\Users\\durut\\OneDrive\\Desktop\\SD1\\server\\data\\events.js","statementMap":{"0":{"start":{"line":1,"column":13},"end":{"line":8,"column":1}},"1":{"start":{"line":10,"column":0},"end":{"line":10,"column":24}}},"fnMap":{},"branchMap":{},"s":{"0":1,"1":1},"f":{},"b":{},"_coverageSchema":"1a1c01bbd47fc00a2c39e90264f33305004495a9","hash":"fc4b2e2c923399dc1c95a717b021f0b4a8c50889"}
,"C:\\Users\\durut\\OneDrive\\Desktop\\SD1\\server\\routes\\eventRoutes.js": {"path":"C:\\Users\\durut\\OneDrive\\Desktop\\SD1\\server\\routes\\eventRoutes.js","statementMap":{"0":{"start":{"line":1,"column":16},"end":{"line":1,"column":34}},"1":{"start":{"line":2,"column":15},"end":{"line":2,"column":31}},"2":{"start":{"line":3,"column":15},"end":{"line":3,"column":40}},"3":{"start":{"line":5,"column":0},"end":{"line":5,"column":54}},"4":{"start":{"line":5,"column":36},"end":{"line":5,"column":52}},"5":{"start":{"line":7,"column":0},"end":{"line":33,"column":3}},"6":{"start":{"line":9,"column":4},"end":{"line":32,"column":5}},"7":{"start":{"line":10,"column":66},"end":{"line":10,"column":74}},"8":{"start":{"line":13,"column":8},"end":{"line":15,"column":9}},"9":{"start":{"line":14,"column":12},"end":{"line":14,"column":129}},"10":{"start":{"line":17,"column":8},"end":{"line":19,"column":9}},"11":{"start":{"line":18,"column":12},"end":{"line":18,"column":90}},"12":{"start":{"line":22,"column":8},"end":{"line":24,"column":9}},"13":{"start":{"line":23,"column":12},"end":{"line":23,"column":77}},"14":{"start":{"line":26,"column":25},"end":{"line":26,"column":97}},"15":{"start":{"line":27,"column":8},"end":{"line":27,"column":30}},"16":{"start":{"line":28,"column":8},"end":{"line":28,"column":39}},"17":{"start":{"line":30,"column":8},"end":{"line":30,"column":54}},"18":{"start":{"line":31,"column":8},"end":{"line":31,"column":59}},"19":{"start":{"line":35,"column":0},"end":{"line":35,"column":24}}},"fnMap":{"0":{"name":"(anonymous_0)","decl":{"start":{"line":5,"column":22},"end":{"line":5,"column":23}},"loc":{"start":{"line":5,"column":36},"end":{"line":5,"column":52}},"line":5},"1":{"name":"(anonymous_1)","decl":{"start":{"line":7,"column":23},"end":{"line":7,"column":24}},"loc":{"start":{"line":7,"column":37},"end":{"line":33,"column":1}},"line":7}},"branchMap":{"0":{"loc":{"start":{"line":13,"column":8},"end":{"line":15,"column":9}},"type":"if","locations":[{"start":{"line":13,"column":8},"end":{"line":15,"column":9}},{"start":{},"end":{}}],"line":13},"1":{"loc":{"start":{"line":13,"column":12},"end":{"line":13,"column":70}},"type":"binary-expr","locations":[{"start":{"line":13,"column":12},"end":{"line":13,"column":17}},{"start":{"line":13,"column":21},"end":{"line":13,"column":30}},{"start":{"line":13,"column":34},"end":{"line":13,"column":49}},{"start":{"line":13,"column":53},"end":{"line":13,"column":61}},{"start":{"line":13,"column":65},"end":{"line":13,"column":70}}],"line":13},"2":{"loc":{"start":{"line":17,"column":8},"end":{"line":19,"column":9}},"type":"if","locations":[{"start":{"line":17,"column":8},"end":{"line":19,"column":9}},{"start":{},"end":{}}],"line":17},"3":{"loc":{"start":{"line":22,"column":8},"end":{"line":24,"column":9}},"type":"if","locations":[{"start":{"line":22,"column":8},"end":{"line":24,"column":9}},{"start":{},"end":{}}],"line":22}},"s":{"0":1,"1":1,"2":1,"3":1,"4":1,"5":1,"6":2,"7":2,"8":2,"9":1,"10":1,"11":0,"12":1,"13":0,"14":1,"15":1,"16":1,"17":0,"18":0,"19":1},"f":{"0":1,"1":2},"b":{"0":[1,1],"1":[2,1,1,1,1],"2":[0,1],"3":[0,1]},"_coverageSchema":"1a1c01bbd47fc00a2c39e90264f33305004495a9","hash":"3c5c7aabd60160ab241ef4b9950f6ca6c8e4d16b"}
,"C:\\Users\\durut\\OneDrive\\Desktop\\SD1\\server\\routes\\volunteerRoutes.js": {"path":"C:\\Users\\durut\\OneDrive\\Desktop\\SD1\\server\\routes\\volunteerRoutes.js","statementMap":{"0":{"start":{"line":1,"column":16},"end":{"line":1,"column":34}},"1":{"start":{"line":2,"column":15},"end":{"line":2,"column":31}},"2":{"start":{"line":3,"column":15},"end":{"line":3,"column":40}},"3":{"start":{"line":5,"column":14},"end":{"line":38,"column":1}},"4":{"start":{"line":40,"column":0},"end":{"line":40,"column":57}},"5":{"start":{"line":40,"column":40},"end":{"line":40,"column":55}},"6":{"start":{"line":43,"column":0},"end":{"line":61,"column":3}},"7":{"start":{"line":44,"column":20},"end":{"line":44,"column":28}},"8":{"start":{"line":45,"column":20},"end":{"line":45,"column":54}},"9":{"start":{"line":45,"column":36},"end":{"line":45,"column":53}},"10":{"start":{"line":46,"column":2},"end":{"line":48,"column":3}},"11":{"start":{"line":47,"column":4},"end":{"line":47,"column":68}},"12":{"start":{"line":50,"column":25},"end":{"line":50,"column":72}},"13":{"start":{"line":50,"column":34},"end":{"line":50,"column":72}},"14":{"start":{"line":52,"column":25},"end":{"line":58,"column":4}},"15":{"start":{"line":53,"column":23},"end":{"line":55,"column":5}},"16":{"start":{"line":54,"column":6},"end":{"line":54,"column":82}},"17":{"start":{"line":54,"column":32},"end":{"line":54,"column":49}},"18":{"start":{"line":56,"column":22},"end":{"line":56,"column":89}},"19":{"start":{"line":57,"column":4},"end":{"line":57,"column":35}},"20":{"start":{"line":60,"column":2},"end":{"line":60,"column":42}},"21":{"start":{"line":63,"column":0},"end":{"line":63,"column":24}}},"fnMap":{"0":{"name":"(anonymous_0)","decl":{"start":{"line":40,"column":26},"end":{"line":40,"column":27}},"loc":{"start":{"line":40,"column":40},"end":{"line":40,"column":55}},"line":40},"1":{"name":"(anonymous_1)","decl":{"start":{"line":43,"column":22},"end":{"line":43,"column":23}},"loc":{"start":{"line":43,"column":36},"end":{"line":61,"column":1}},"line":43},"2":{"name":"(anonymous_2)","decl":{"start":{"line":45,"column":31},"end":{"line":45,"column":32}},"loc":{"start":{"line":45,"column":36},"end":{"line":45,"column":53}},"line":45},"3":{"name":"(anonymous_3)","decl":{"start":{"line":50,"column":25},"end":{"line":50,"column":26}},"loc":{"start":{"line":50,"column":34},"end":{"line":50,"column":72}},"line":50},"4":{"name":"(anonymous_4)","decl":{"start":{"line":52,"column":39},"end":{"line":52,"column":40}},"loc":{"start":{"line":52,"column":46},"end":{"line":58,"column":3}},"line":52},"5":{"name":"(anonymous_5)","decl":{"start":{"line":53,"column":48},"end":{"line":53,"column":49}},"loc":{"start":{"line":54,"column":6},"end":{"line":54,"column":82}},"line":54},"6":{"name":"(anonymous_6)","decl":{"start":{"line":54,"column":27},"end":{"line":54,"column":28}},"loc":{"start":{"line":54,"column":32},"end":{"line":54,"column":49}},"line":54}},"branchMap":{"0":{"loc":{"start":{"line":46,"column":2},"end":{"line":48,"column":3}},"type":"if","locations":[{"start":{"line":46,"column":2},"end":{"line":48,"column":3}},{"start":{},"end":{}}],"line":46},"1":{"loc":{"start":{"line":56,"column":22},"end":{"line":56,"column":89}},"type":"binary-expr","locations":[{"start":{"line":56,"column":22},"end":{"line":56,"column":44}},{"start":{"line":56,"column":48},"end":{"line":56,"column":89}}],"line":56},"2":{"loc":{"start":{"line":57,"column":11},"end":{"line":57,"column":34}},"type":"binary-expr","locations":[{"start":{"line":57,"column":11},"end":{"line":57,"column":21}},{"start":{"line":57,"column":25},"end":{"line":57,"column":34}}],"line":57}},"s":{"0":1,"1":1,"2":1,"3":1,"4":1,"5":1,"6":1,"7":2,"8":2,"9":5,"10":2,"11":1,"12":1,"13":32,"14":1,"15":6,"16":8,"17":24,"18":6,"19":6,"20":1,"21":1},"f":{"0":1,"1":2,"2":5,"3":32,"4":6,"5":8,"6":24},"b":{"0":[1,1],"1":[6,6],"2":[6,2]},"_coverageSchema":"1a1c01bbd47fc00a2c39e90264f33305004495a9","hash":"d9db255c10c6ab818bf9945c79bb68b8ab31fa75"}
}
