{"C:\\Users\\siris\\OneDrive\\Desktop\\VolunteerProjectFrontEnd\\VolunteerProjectFrontEnd\\server\\index.js": {"path":"C:\\Users\\siris\\OneDrive\\Desktop\\VolunteerProjectFrontEnd\\VolunteerProjectFrontEnd\\server\\index.js","statementMap":{"0":{"start":{"line":1,"column":16},"end":{"line":1,"column":34}},"1":{"start":{"line":2,"column":13},"end":{"line":2,"column":28}},"2":{"start":{"line":3,"column":12},"end":{"line":3,"column":29}},"3":{"start":{"line":4,"column":15},"end":{"line":4,"column":32}},"4":{"start":{"line":6,"column":12},"end":{"line":6,"column":21}},"5":{"start":{"line":7,"column":13},"end":{"line":7,"column":17}},"6":{"start":{"line":9,"column":0},"end":{"line":9,"column":16}},"7":{"start":{"line":10,"column":0},"end":{"line":10,"column":24}},"8":{"start":{"line":12,"column":22},"end":{"line":12,"column":24}},"9":{"start":{"line":14,"column":19},"end":{"line":19,"column":2}},"10":{"start":{"line":59,"column":20},"end":{"line":59,"column":51}},"11":{"start":{"line":60,"column":24},"end":{"line":60,"column":59}},"12":{"start":{"line":61,"column":0},"end":{"line":61,"column":29}},"13":{"start":{"line":62,"column":0},"end":{"line":62,"column":33}},"14":{"start":{"line":64,"column":19},"end":{"line":68,"column":1}},"15":{"start":{"line":70,"column":20},"end":{"line":80,"column":1}},"16":{"start":{"line":82,"column":0},"end":{"line":117,"column":3}},"17":{"start":{"line":83,"column":19},"end":{"line":83,"column":36}},"18":{"start":{"line":85,"column":4},"end":{"line":116,"column":7}},"19":{"start":{"line":86,"column":8},"end":{"line":86,"column":95}},"20":{"start":{"line":86,"column":17},"end":{"line":86,"column":95}},"21":{"start":{"line":87,"column":8},"end":{"line":87,"column":97}},"22":{"start":{"line":87,"column":38},"end":{"line":87,"column":97}},"23":{"start":{"line":89,"column":21},"end":{"line":89,"column":35}},"24":{"start":{"line":92,"column":8},"end":{"line":115,"column":11}},"25":{"start":{"line":93,"column":12},"end":{"line":93,"column":99}},"26":{"start":{"line":93,"column":21},"end":{"line":93,"column":99}},"27":{"start":{"line":95,"column":27},"end":{"line":95,"column":59}},"28":{"start":{"line":95,"column":51},"end":{"line":95,"column":58}},"29":{"start":{"line":98,"column":12},"end":{"line":114,"column":15}},"30":{"start":{"line":99,"column":16},"end":{"line":99,"column":103}},"31":{"start":{"line":99,"column":25},"end":{"line":99,"column":103}},"32":{"start":{"line":101,"column":37},"end":{"line":101,"column":84}},"33":{"start":{"line":101,"column":68},"end":{"line":101,"column":83}},"34":{"start":{"line":103,"column":16},"end":{"line":113,"column":19}},"35":{"start":{"line":119,"column":0},"end":{"line":148,"column":3}},"36":{"start":{"line":120,"column":19},"end":{"line":120,"column":36}},"37":{"start":{"line":121,"column":89},"end":{"line":121,"column":97}},"38":{"start":{"line":124,"column":4},"end":{"line":147,"column":6}},"39":{"start":{"line":128,"column":12},"end":{"line":128,"column":100}},"40":{"start":{"line":128,"column":21},"end":{"line":128,"column":100}},"41":{"start":{"line":129,"column":12},"end":{"line":129,"column":103}},"42":{"start":{"line":129,"column":44},"end":{"line":129,"column":103}},"43":{"start":{"line":132,"column":12},"end":{"line":136,"column":15}},"44":{"start":{"line":133,"column":16},"end":{"line":135,"column":19}},"45":{"start":{"line":134,"column":20},"end":{"line":134,"column":110}},"46":{"start":{"line":139,"column":12},"end":{"line":143,"column":15}},"47":{"start":{"line":140,"column":16},"end":{"line":142,"column":19}},"48":{"start":{"line":141,"column":20},"end":{"line":141,"column":123}},"49":{"start":{"line":145,"column":12},"end":{"line":145,"column":66}},"50":{"start":{"line":150,"column":0},"end":{"line":152,"column":3}},"51":{"start":{"line":151,"column":4},"end":{"line":151,"column":39}},"52":{"start":{"line":155,"column":4},"end":{"line":155,"column":121}},"53":{"start":{"line":155,"column":55},"end":{"line":155,"column":118}},"54":{"start":{"line":155,"column":103},"end":{"line":155,"column":115}},"55":{"start":{"line":158,"column":0},"end":{"line":200,"column":3}},"56":{"start":{"line":159,"column":25},"end":{"line":159,"column":33}},"57":{"start":{"line":160,"column":21},"end":{"line":160,"column":45}},"58":{"start":{"line":161,"column":18},"end":{"line":161,"column":39}},"59":{"start":{"line":162,"column":21},"end":{"line":162,"column":45}},"60":{"start":{"line":163,"column":24},"end":{"line":163,"column":74}},"61":{"start":{"line":164,"column":4},"end":{"line":166,"column":5}},"62":{"start":{"line":165,"column":8},"end":{"line":165,"column":76}},"63":{"start":{"line":167,"column":4},"end":{"line":169,"column":5}},"64":{"start":{"line":168,"column":8},"end":{"line":168,"column":81}},"65":{"start":{"line":182,"column":4},"end":{"line":187,"column":5}},"66":{"start":{"line":183,"column":8},"end":{"line":183,"column":50}},"67":{"start":{"line":186,"column":8},"end":{"line":186,"column":54}},"68":{"start":{"line":188,"column":16},"end":{"line":188,"column":84}},"69":{"start":{"line":189,"column":4},"end":{"line":195,"column":7}},"70":{"start":{"line":190,"column":8},"end":{"line":194,"column":9}},"71":{"start":{"line":191,"column":12},"end":{"line":191,"column":87}},"72":{"start":{"line":193,"column":12},"end":{"line":193,"column":112}},"73":{"start":{"line":202,"column":0},"end":{"line":230,"column":3}},"74":{"start":{"line":203,"column":35},"end":{"line":203,"column":43}},"75":{"start":{"line":204,"column":4},"end":{"line":206,"column":5}},"76":{"start":{"line":205,"column":8},"end":{"line":205,"column":92}},"77":{"start":{"line":209,"column":4},"end":{"line":229,"column":6}},"78":{"start":{"line":213,"column":12},"end":{"line":216,"column":13}},"79":{"start":{"line":214,"column":16},"end":{"line":214,"column":67}},"80":{"start":{"line":215,"column":16},"end":{"line":215,"column":83}},"81":{"start":{"line":217,"column":12},"end":{"line":219,"column":13}},"82":{"start":{"line":218,"column":16},"end":{"line":218,"column":99}},"83":{"start":{"line":220,"column":29},"end":{"line":220,"column":39}},"84":{"start":{"line":222,"column":12},"end":{"line":227,"column":13}},"85":{"start":{"line":224,"column":16},"end":{"line":224,"column":131}},"86":{"start":{"line":226,"column":16},"end":{"line":226,"column":99}},"87":{"start":{"line":233,"column":0},"end":{"line":235,"column":3}},"88":{"start":{"line":234,"column":4},"end":{"line":234,"column":39}},"89":{"start":{"line":237,"column":0},"end":{"line":239,"column":3}},"90":{"start":{"line":238,"column":4},"end":{"line":238,"column":61}},"91":{"start":{"line":241,"column":0},"end":{"line":243,"column":3}},"92":{"start":{"line":242,"column":4},"end":{"line":242,"column":28}},"93":{"start":{"line":245,"column":0},"end":{"line":248,"column":3}},"94":{"start":{"line":246,"column":4},"end":{"line":246,"column":29}},"95":{"start":{"line":247,"column":4},"end":{"line":247,"column":82}},"96":{"start":{"line":250,"column":22},"end":{"line":253,"column":1}},"97":{"start":{"line":255,"column":0},"end":{"line":257,"column":3}},"98":{"start":{"line":256,"column":4},"end":{"line":256,"column":28}},"99":{"start":{"line":259,"column":0},"end":{"line":270,"column":3}},"100":{"start":{"line":260,"column":41},"end":{"line":260,"column":49}},"101":{"start":{"line":261,"column":4},"end":{"line":263,"column":5}},"102":{"start":{"line":262,"column":8},"end":{"line":262,"column":75}},"103":{"start":{"line":264,"column":4},"end":{"line":266,"column":5}},"104":{"start":{"line":265,"column":8},"end":{"line":265,"column":94}},"105":{"start":{"line":267,"column":28},"end":{"line":267,"column":56}},"106":{"start":{"line":268,"column":4},"end":{"line":268,"column":40}},"107":{"start":{"line":269,"column":4},"end":{"line":269,"column":91}},"108":{"start":{"line":272,"column":25},"end":{"line":275,"column":1}},"109":{"start":{"line":277,"column":0},"end":{"line":279,"column":3}},"110":{"start":{"line":278,"column":4},"end":{"line":278,"column":31}},"111":{"start":{"line":281,"column":0},"end":{"line":304,"column":1}},"112":{"start":{"line":282,"column":4},"end":{"line":282,"column":25}},"113":{"start":{"line":283,"column":4},"end":{"line":298,"column":5}},"114":{"start":{"line":284,"column":8},"end":{"line":284,"column":50}},"115":{"start":{"line":288,"column":8},"end":{"line":288,"column":54}},"116":{"start":{"line":301,"column":4},"end":{"line":303,"column":7}},"117":{"start":{"line":302,"column":8},"end":{"line":302,"column":54}},"118":{"start":{"line":310,"column":0},"end":{"line":310,"column":21}}},"fnMap":{"0":{"name":"(anonymous_0)","decl":{"start":{"line":82,"column":32},"end":{"line":82,"column":33}},"loc":{"start":{"line":82,"column":46},"end":{"line":117,"column":1}},"line":82},"1":{"name":"(anonymous_1)","decl":{"start":{"line":85,"column":71},"end":{"line":85,"column":72}},"loc":{"start":{"line":85,"column":93},"end":{"line":116,"column":5}},"line":85},"2":{"name":"(anonymous_2)","decl":{"start":{"line":92,"column":84},"end":{"line":92,"column":85}},"loc":{"start":{"line":92,"column":107},"end":{"line":115,"column":9}},"line":92},"3":{"name":"(anonymous_3)","decl":{"start":{"line":95,"column":44},"end":{"line":95,"column":45}},"loc":{"start":{"line":95,"column":51},"end":{"line":95,"column":58}},"line":95},"4":{"name":"(anonymous_4)","decl":{"start":{"line":98,"column":102},"end":{"line":98,"column":103}},"loc":{"start":{"line":98,"column":132},"end":{"line":114,"column":13}},"line":98},"5":{"name":"(anonymous_5)","decl":{"start":{"line":101,"column":61},"end":{"line":101,"column":62}},"loc":{"start":{"line":101,"column":68},"end":{"line":101,"column":83}},"line":101},"6":{"name":"(anonymous_6)","decl":{"start":{"line":119,"column":33},"end":{"line":119,"column":34}},"loc":{"start":{"line":119,"column":47},"end":{"line":148,"column":1}},"line":119},"7":{"name":"(anonymous_7)","decl":{"start":{"line":127,"column":8},"end":{"line":127,"column":9}},"loc":{"start":{"line":127,"column":26},"end":{"line":146,"column":9}},"line":127},"8":{"name":"(anonymous_8)","decl":{"start":{"line":132,"column":82},"end":{"line":132,"column":83}},"loc":{"start":{"line":132,"column":88},"end":{"line":136,"column":13}},"line":132},"9":{"name":"(anonymous_9)","decl":{"start":{"line":133,"column":31},"end":{"line":133,"column":32}},"loc":{"start":{"line":133,"column":42},"end":{"line":135,"column":17}},"line":133},"10":{"name":"(anonymous_10)","decl":{"start":{"line":139,"column":88},"end":{"line":139,"column":89}},"loc":{"start":{"line":139,"column":94},"end":{"line":143,"column":13}},"line":139},"11":{"name":"(anonymous_11)","decl":{"start":{"line":140,"column":37},"end":{"line":140,"column":38}},"loc":{"start":{"line":140,"column":47},"end":{"line":142,"column":17}},"line":140},"12":{"name":"(anonymous_12)","decl":{"start":{"line":150,"column":25},"end":{"line":150,"column":26}},"loc":{"start":{"line":150,"column":39},"end":{"line":152,"column":1}},"line":150},"13":{"name":"hashPassword","decl":{"start":{"line":154,"column":9},"end":{"line":154,"column":21}},"loc":{"start":{"line":154,"column":32},"end":{"line":156,"column":1}},"line":154},"14":{"name":"(anonymous_14)","decl":{"start":{"line":155,"column":34},"end":{"line":155,"column":35}},"loc":{"start":{"line":155,"column":54},"end":{"line":155,"column":119}},"line":155},"15":{"name":"(anonymous_15)","decl":{"start":{"line":155,"column":83},"end":{"line":155,"column":84}},"loc":{"start":{"line":155,"column":102},"end":{"line":155,"column":116}},"line":155},"16":{"name":"(anonymous_16)","decl":{"start":{"line":158,"column":26},"end":{"line":158,"column":27}},"loc":{"start":{"line":158,"column":40},"end":{"line":200,"column":1}},"line":158},"17":{"name":"(anonymous_17)","decl":{"start":{"line":189,"column":55},"end":{"line":189,"column":56}},"loc":{"start":{"line":189,"column":64},"end":{"line":195,"column":5}},"line":189},"18":{"name":"(anonymous_18)","decl":{"start":{"line":202,"column":23},"end":{"line":202,"column":24}},"loc":{"start":{"line":202,"column":37},"end":{"line":230,"column":1}},"line":202},"19":{"name":"(anonymous_19)","decl":{"start":{"line":212,"column":8},"end":{"line":212,"column":9}},"loc":{"start":{"line":212,"column":26},"end":{"line":228,"column":9}},"line":212},"20":{"name":"(anonymous_20)","decl":{"start":{"line":233,"column":22},"end":{"line":233,"column":23}},"loc":{"start":{"line":233,"column":36},"end":{"line":235,"column":1}},"line":233},"21":{"name":"(anonymous_21)","decl":{"start":{"line":237,"column":16},"end":{"line":237,"column":17}},"loc":{"start":{"line":237,"column":30},"end":{"line":239,"column":1}},"line":237},"22":{"name":"(anonymous_22)","decl":{"start":{"line":241,"column":24},"end":{"line":241,"column":25}},"loc":{"start":{"line":241,"column":38},"end":{"line":243,"column":1}},"line":241},"23":{"name":"(anonymous_23)","decl":{"start":{"line":245,"column":25},"end":{"line":245,"column":26}},"loc":{"start":{"line":245,"column":39},"end":{"line":248,"column":1}},"line":245},"24":{"name":"(anonymous_24)","decl":{"start":{"line":255,"column":30},"end":{"line":255,"column":31}},"loc":{"start":{"line":255,"column":44},"end":{"line":257,"column":1}},"line":255},"25":{"name":"(anonymous_25)","decl":{"start":{"line":259,"column":31},"end":{"line":259,"column":32}},"loc":{"start":{"line":259,"column":45},"end":{"line":270,"column":1}},"line":259},"26":{"name":"(anonymous_26)","decl":{"start":{"line":277,"column":34},"end":{"line":277,"column":35}},"loc":{"start":{"line":277,"column":48},"end":{"line":279,"column":1}},"line":277},"27":{"name":"(anonymous_27)","decl":{"start":{"line":301,"column":21},"end":{"line":301,"column":22}},"loc":{"start":{"line":301,"column":27},"end":{"line":303,"column":5}},"line":301}},"branchMap":{"0":{"loc":{"start":{"line":86,"column":8},"end":{"line":86,"column":95}},"type":"if","locations":[{"start":{"line":86,"column":8},"end":{"line":86,"column":95}},{"start":{},"end":{}}],"line":86},"1":{"loc":{"start":{"line":87,"column":8},"end":{"line":87,"column":97}},"type":"if","locations":[{"start":{"line":87,"column":8},"end":{"line":87,"column":97}},{"start":{},"end":{}}],"line":87},"2":{"loc":{"start":{"line":93,"column":12},"end":{"line":93,"column":99}},"type":"if","locations":[{"start":{"line":93,"column":12},"end":{"line":93,"column":99}},{"start":{},"end":{}}],"line":93},"3":{"loc":{"start":{"line":99,"column":16},"end":{"line":99,"column":103}},"type":"if","locations":[{"start":{"line":99,"column":16},"end":{"line":99,"column":103}},{"start":{},"end":{}}],"line":99},"4":{"loc":{"start":{"line":128,"column":12},"end":{"line":128,"column":100}},"type":"if","locations":[{"start":{"line":128,"column":12},"end":{"line":128,"column":100}},{"start":{},"end":{}}],"line":128},"5":{"loc":{"start":{"line":129,"column":12},"end":{"line":129,"column":103}},"type":"if","locations":[{"start":{"line":129,"column":12},"end":{"line":129,"column":103}},{"start":{},"end":{}}],"line":129},"6":{"loc":{"start":{"line":164,"column":4},"end":{"line":166,"column":5}},"type":"if","locations":[{"start":{"line":164,"column":4},"end":{"line":166,"column":5}},{"start":{},"end":{}}],"line":164},"7":{"loc":{"start":{"line":164,"column":8},"end":{"line":164,"column":40}},"type":"binary-expr","locations":[{"start":{"line":164,"column":8},"end":{"line":164,"column":17}},{"start":{"line":164,"column":21},"end":{"line":164,"column":27}},{"start":{"line":164,"column":31},"end":{"line":164,"column":40}}],"line":164},"8":{"loc":{"start":{"line":167,"column":4},"end":{"line":169,"column":5}},"type":"if","locations":[{"start":{"line":167,"column":4},"end":{"line":169,"column":5}},{"start":{},"end":{}}],"line":167},"9":{"loc":{"start":{"line":182,"column":4},"end":{"line":187,"column":5}},"type":"if","locations":[{"start":{"line":182,"column":4},"end":{"line":187,"column":5}},{"start":{"line":185,"column":9},"end":{"line":187,"column":5}}],"line":182},"10":{"loc":{"start":{"line":190,"column":8},"end":{"line":194,"column":9}},"type":"if","locations":[{"start":{"line":190,"column":8},"end":{"line":194,"column":9}},{"start":{"line":192,"column":15},"end":{"line":194,"column":9}}],"line":190},"11":{"loc":{"start":{"line":204,"column":4},"end":{"line":206,"column":5}},"type":"if","locations":[{"start":{"line":204,"column":4},"end":{"line":206,"column":5}},{"start":{},"end":{}}],"line":204},"12":{"loc":{"start":{"line":204,"column":8},"end":{"line":204,"column":30}},"type":"binary-expr","locations":[{"start":{"line":204,"column":8},"end":{"line":204,"column":17}},{"start":{"line":204,"column":21},"end":{"line":204,"column":30}}],"line":204},"13":{"loc":{"start":{"line":213,"column":12},"end":{"line":216,"column":13}},"type":"if","locations":[{"start":{"line":213,"column":12},"end":{"line":216,"column":13}},{"start":{},"end":{}}],"line":213},"14":{"loc":{"start":{"line":217,"column":12},"end":{"line":219,"column":13}},"type":"if","locations":[{"start":{"line":217,"column":12},"end":{"line":219,"column":13}},{"start":{},"end":{}}],"line":217},"15":{"loc":{"start":{"line":222,"column":12},"end":{"line":227,"column":13}},"type":"if","locations":[{"start":{"line":222,"column":12},"end":{"line":227,"column":13}},{"start":{"line":225,"column":19},"end":{"line":227,"column":13}}],"line":222},"16":{"loc":{"start":{"line":261,"column":4},"end":{"line":263,"column":5}},"type":"if","locations":[{"start":{"line":261,"column":4},"end":{"line":263,"column":5}},{"start":{},"end":{}}],"line":261},"17":{"loc":{"start":{"line":261,"column":8},"end":{"line":261,"column":39}},"type":"binary-expr","locations":[{"start":{"line":261,"column":8},"end":{"line":261,"column":18}},{"start":{"line":261,"column":22},"end":{"line":261,"column":30}},{"start":{"line":261,"column":34},"end":{"line":261,"column":39}}],"line":261},"18":{"loc":{"start":{"line":264,"column":4},"end":{"line":266,"column":5}},"type":"if","locations":[{"start":{"line":264,"column":4},"end":{"line":266,"column":5}},{"start":{},"end":{}}],"line":264},"19":{"loc":{"start":{"line":281,"column":0},"end":{"line":304,"column":1}},"type":"if","locations":[{"start":{"line":281,"column":0},"end":{"line":304,"column":1}},{"start":{},"end":{}}],"line":281},"20":{"loc":{"start":{"line":283,"column":4},"end":{"line":298,"column":5}},"type":"if","locations":[{"start":{"line":283,"column":4},"end":{"line":298,"column":5}},{"start":{"line":287,"column":9},"end":{"line":298,"column":5}}],"line":283}},"s":{"0":1,"1":1,"2":1,"3":1,"4":1,"5":1,"6":1,"7":1,"8":1,"9":1,"10":1,"11":1,"12":1,"13":1,"14":1,"15":1,"16":1,"17":0,"18":0,"19":0,"20":0,"21":0,"22":0,"23":0,"24":0,"25":0,"26":0,"27":0,"28":0,"29":0,"30":0,"31":0,"32":0,"33":0,"34":0,"35":1,"36":0,"37":0,"38":0,"39":0,"40":0,"41":0,"42":0,"43":0,"44":0,"45":0,"46":0,"47":0,"48":0,"49":0,"50":1,"51":0,"52":0,"53":0,"54":0,"55":1,"56":1,"57":1,"58":1,"59":1,"60":1,"61":1,"62":0,"63":1,"64":0,"65":1,"66":0,"67":1,"68":1,"69":1,"70":1,"71":1,"72":0,"73":1,"74":1,"75":1,"76":0,"77":1,"78":1,"79":0,"80":0,"81":1,"82":1,"83":0,"84":0,"85":0,"86":0,"87":1,"88":1,"89":1,"90":1,"91":1,"92":1,"93":1,"94":2,"95":2,"96":1,"97":1,"98":1,"99":1,"100":3,"101":3,"102":1,"103":2,"104":1,"105":1,"106":1,"107":1,"108":1,"109":1,"110":1,"111":1,"112":0,"113":0,"114":0,"115":0,"116":0,"117":0,"118":1},"f":{"0":0,"1":0,"2":0,"3":0,"4":0,"5":0,"6":0,"7":0,"8":0,"9":0,"10":0,"11":0,"12":0,"13":0,"14":0,"15":0,"16":1,"17":1,"18":1,"19":1,"20":1,"21":1,"22":1,"23":2,"24":1,"25":3,"26":1,"27":0},"b":{"0":[0,0],"1":[0,0],"2":[0,0],"3":[0,0],"4":[0,0],"5":[0,0],"6":[0,1],"7":[1,1,1],"8":[0,1],"9":[0,1],"10":[1,0],"11":[0,1],"12":[1,1],"13":[0,1],"14":[1,0],"15":[0,0],"16":[1,2],"17":[3,2,2],"18":[1,1],"19":[0,1],"20":[0,0]},"_coverageSchema":"1a1c01bbd47fc00a2c39e90264f33305004495a9","hash":"396b3974bfe0aaf3323cc0dccee44f369ca92e25"}
,"C:\\Users\\siris\\OneDrive\\Desktop\\VolunteerProjectFrontEnd\\VolunteerProjectFrontEnd\\server\\data\\events.js": {"path":"C:\\Users\\siris\\OneDrive\\Desktop\\VolunteerProjectFrontEnd\\VolunteerProjectFrontEnd\\server\\data\\events.js","statementMap":{"0":{"start":{"line":1,"column":13},"end":{"line":8,"column":1}},"1":{"start":{"line":10,"column":0},"end":{"line":10,"column":24}}},"fnMap":{},"branchMap":{},"s":{"0":1,"1":1},"f":{},"b":{},"_coverageSchema":"1a1c01bbd47fc00a2c39e90264f33305004495a9","hash":"6f813276e8f5866e5dc9b7f96b2689c6e6d6af0f"}
,"C:\\Users\\siris\\OneDrive\\Desktop\\VolunteerProjectFrontEnd\\VolunteerProjectFrontEnd\\server\\routes\\eventRoutes.js": {"path":"C:\\Users\\siris\\OneDrive\\Desktop\\VolunteerProjectFrontEnd\\VolunteerProjectFrontEnd\\server\\routes\\eventRoutes.js","statementMap":{"0":{"start":{"line":1,"column":16},"end":{"line":1,"column":34}},"1":{"start":{"line":2,"column":15},"end":{"line":2,"column":31}},"2":{"start":{"line":3,"column":15},"end":{"line":3,"column":40}},"3":{"start":{"line":5,"column":0},"end":{"line":5,"column":54}},"4":{"start":{"line":5,"column":36},"end":{"line":5,"column":52}},"5":{"start":{"line":7,"column":0},"end":{"line":33,"column":3}},"6":{"start":{"line":9,"column":4},"end":{"line":32,"column":5}},"7":{"start":{"line":10,"column":66},"end":{"line":10,"column":74}},"8":{"start":{"line":13,"column":8},"end":{"line":15,"column":9}},"9":{"start":{"line":14,"column":12},"end":{"line":14,"column":129}},"10":{"start":{"line":17,"column":8},"end":{"line":19,"column":9}},"11":{"start":{"line":18,"column":12},"end":{"line":18,"column":90}},"12":{"start":{"line":22,"column":8},"end":{"line":24,"column":9}},"13":{"start":{"line":23,"column":12},"end":{"line":23,"column":77}},"14":{"start":{"line":26,"column":25},"end":{"line":26,"column":97}},"15":{"start":{"line":27,"column":8},"end":{"line":27,"column":30}},"16":{"start":{"line":28,"column":8},"end":{"line":28,"column":39}},"17":{"start":{"line":30,"column":8},"end":{"line":30,"column":54}},"18":{"start":{"line":31,"column":8},"end":{"line":31,"column":59}},"19":{"start":{"line":35,"column":0},"end":{"line":35,"column":24}}},"fnMap":{"0":{"name":"(anonymous_0)","decl":{"start":{"line":5,"column":22},"end":{"line":5,"column":23}},"loc":{"start":{"line":5,"column":36},"end":{"line":5,"column":52}},"line":5},"1":{"name":"(anonymous_1)","decl":{"start":{"line":7,"column":23},"end":{"line":7,"column":24}},"loc":{"start":{"line":7,"column":37},"end":{"line":33,"column":1}},"line":7}},"branchMap":{"0":{"loc":{"start":{"line":13,"column":8},"end":{"line":15,"column":9}},"type":"if","locations":[{"start":{"line":13,"column":8},"end":{"line":15,"column":9}},{"start":{},"end":{}}],"line":13},"1":{"loc":{"start":{"line":13,"column":12},"end":{"line":13,"column":70}},"type":"binary-expr","locations":[{"start":{"line":13,"column":12},"end":{"line":13,"column":17}},{"start":{"line":13,"column":21},"end":{"line":13,"column":30}},{"start":{"line":13,"column":34},"end":{"line":13,"column":49}},{"start":{"line":13,"column":53},"end":{"line":13,"column":61}},{"start":{"line":13,"column":65},"end":{"line":13,"column":70}}],"line":13},"2":{"loc":{"start":{"line":17,"column":8},"end":{"line":19,"column":9}},"type":"if","locations":[{"start":{"line":17,"column":8},"end":{"line":19,"column":9}},{"start":{},"end":{}}],"line":17},"3":{"loc":{"start":{"line":22,"column":8},"end":{"line":24,"column":9}},"type":"if","locations":[{"start":{"line":22,"column":8},"end":{"line":24,"column":9}},{"start":{},"end":{}}],"line":22}},"s":{"0":1,"1":1,"2":1,"3":1,"4":1,"5":1,"6":2,"7":2,"8":2,"9":1,"10":1,"11":0,"12":1,"13":0,"14":1,"15":1,"16":1,"17":0,"18":0,"19":1},"f":{"0":1,"1":2},"b":{"0":[1,1],"1":[2,1,1,1,1],"2":[0,1],"3":[0,1]},"_coverageSchema":"1a1c01bbd47fc00a2c39e90264f33305004495a9","hash":"417ce3514e2ccb56d4372a9f2d996aeb3a800aba"}
,"C:\\Users\\siris\\OneDrive\\Desktop\\VolunteerProjectFrontEnd\\VolunteerProjectFrontEnd\\server\\routes\\volunteerRoutes.js": {"path":"C:\\Users\\siris\\OneDrive\\Desktop\\VolunteerProjectFrontEnd\\VolunteerProjectFrontEnd\\server\\routes\\volunteerRoutes.js","statementMap":{"0":{"start":{"line":1,"column":16},"end":{"line":1,"column":34}},"1":{"start":{"line":2,"column":15},"end":{"line":2,"column":31}},"2":{"start":{"line":3,"column":15},"end":{"line":3,"column":40}},"3":{"start":{"line":5,"column":14},"end":{"line":38,"column":1}},"4":{"start":{"line":40,"column":0},"end":{"line":40,"column":57}},"5":{"start":{"line":40,"column":40},"end":{"line":40,"column":55}},"6":{"start":{"line":43,"column":0},"end":{"line":61,"column":3}},"7":{"start":{"line":44,"column":20},"end":{"line":44,"column":28}},"8":{"start":{"line":45,"column":20},"end":{"line":45,"column":54}},"9":{"start":{"line":45,"column":36},"end":{"line":45,"column":53}},"10":{"start":{"line":46,"column":2},"end":{"line":48,"column":3}},"11":{"start":{"line":47,"column":4},"end":{"line":47,"column":68}},"12":{"start":{"line":50,"column":25},"end":{"line":50,"column":72}},"13":{"start":{"line":50,"column":34},"end":{"line":50,"column":72}},"14":{"start":{"line":52,"column":25},"end":{"line":58,"column":4}},"15":{"start":{"line":53,"column":23},"end":{"line":55,"column":5}},"16":{"start":{"line":54,"column":6},"end":{"line":54,"column":82}},"17":{"start":{"line":54,"column":32},"end":{"line":54,"column":49}},"18":{"start":{"line":56,"column":22},"end":{"line":56,"column":89}},"19":{"start":{"line":57,"column":4},"end":{"line":57,"column":35}},"20":{"start":{"line":60,"column":2},"end":{"line":60,"column":42}},"21":{"start":{"line":63,"column":0},"end":{"line":63,"column":24}}},"fnMap":{"0":{"name":"(anonymous_0)","decl":{"start":{"line":40,"column":26},"end":{"line":40,"column":27}},"loc":{"start":{"line":40,"column":40},"end":{"line":40,"column":55}},"line":40},"1":{"name":"(anonymous_1)","decl":{"start":{"line":43,"column":22},"end":{"line":43,"column":23}},"loc":{"start":{"line":43,"column":36},"end":{"line":61,"column":1}},"line":43},"2":{"name":"(anonymous_2)","decl":{"start":{"line":45,"column":31},"end":{"line":45,"column":32}},"loc":{"start":{"line":45,"column":36},"end":{"line":45,"column":53}},"line":45},"3":{"name":"(anonymous_3)","decl":{"start":{"line":50,"column":25},"end":{"line":50,"column":26}},"loc":{"start":{"line":50,"column":34},"end":{"line":50,"column":72}},"line":50},"4":{"name":"(anonymous_4)","decl":{"start":{"line":52,"column":39},"end":{"line":52,"column":40}},"loc":{"start":{"line":52,"column":46},"end":{"line":58,"column":3}},"line":52},"5":{"name":"(anonymous_5)","decl":{"start":{"line":53,"column":48},"end":{"line":53,"column":49}},"loc":{"start":{"line":54,"column":6},"end":{"line":54,"column":82}},"line":54},"6":{"name":"(anonymous_6)","decl":{"start":{"line":54,"column":27},"end":{"line":54,"column":28}},"loc":{"start":{"line":54,"column":32},"end":{"line":54,"column":49}},"line":54}},"branchMap":{"0":{"loc":{"start":{"line":46,"column":2},"end":{"line":48,"column":3}},"type":"if","locations":[{"start":{"line":46,"column":2},"end":{"line":48,"column":3}},{"start":{},"end":{}}],"line":46},"1":{"loc":{"start":{"line":56,"column":22},"end":{"line":56,"column":89}},"type":"binary-expr","locations":[{"start":{"line":56,"column":22},"end":{"line":56,"column":44}},{"start":{"line":56,"column":48},"end":{"line":56,"column":89}}],"line":56},"2":{"loc":{"start":{"line":57,"column":11},"end":{"line":57,"column":34}},"type":"binary-expr","locations":[{"start":{"line":57,"column":11},"end":{"line":57,"column":21}},{"start":{"line":57,"column":25},"end":{"line":57,"column":34}}],"line":57}},"s":{"0":1,"1":1,"2":1,"3":1,"4":1,"5":1,"6":1,"7":2,"8":2,"9":5,"10":2,"11":1,"12":1,"13":32,"14":1,"15":6,"16":8,"17":24,"18":6,"19":6,"20":1,"21":1},"f":{"0":1,"1":2,"2":5,"3":32,"4":6,"5":8,"6":24},"b":{"0":[1,1],"1":[6,6],"2":[6,2]},"_coverageSchema":"1a1c01bbd47fc00a2c39e90264f33305004495a9","hash":"5e2bc86fd1b4367a88d5085fcfdd40686f20c3ac"}
}
