TN:
SF:server\index.js
FN:23,(anonymous_0)
FN:28,(anonymous_1)
FN:33,(anonymous_2)
FN:45,(anonymous_3)
FN:49,(anonymous_4)
FN:71,(anonymous_5)
FN:76,(anonymous_6)
FNF:7
FNH:6
FNDA:1,(anonymous_0)
FNDA:1,(anonymous_1)
FNDA:2,(anonymous_2)
FNDA:1,(anonymous_3)
FNDA:3,(anonymous_4)
FNDA:1,(anonymous_5)
FNDA:0,(anonymous_6)
DA:1,1
DA:2,1
DA:4,1
DA:5,1
DA:7,1
DA:8,1
DA:10,1
DA:23,1
DA:24,1
DA:28,1
DA:29,1
DA:33,1
DA:34,2
DA:35,2
DA:40,1
DA:45,1
DA:46,1
DA:49,1
DA:50,3
DA:51,3
DA:52,1
DA:55,2
DA:56,1
DA:59,1
DA:60,1
DA:61,1
DA:65,1
DA:71,1
DA:72,1
DA:75,1
DA:76,0
DA:77,0
DA:81,1
LF:33
LH:31
BRDA:51,0,0,1
BRDA:51,0,1,2
BRDA:51,1,0,3
BRDA:51,1,1,2
BRDA:51,1,2,2
BRDA:55,2,0,1
BRDA:55,2,1,1
BRDA:75,3,0,0
BRDA:75,3,1,1
BRF:9
BRH:8
end_of_record
