TN:
SF:server\index.js
FN:82,(anonymous_0)
FN:85,(anonymous_1)
FN:92,(anonymous_2)
FN:95,(anonymous_3)
FN:98,(anonymous_4)
FN:101,(anonymous_5)
FN:119,(anonymous_6)
FN:127,(anonymous_7)
FN:132,(anonymous_8)
FN:133,(anonymous_9)
FN:139,(anonymous_10)
FN:140,(anonymous_11)
FN:150,(anonymous_12)
FN:154,hashPassword
FN:155,(anonymous_14)
FN:155,(anonymous_15)
FN:158,(anonymous_16)
FN:189,(anonymous_17)
FN:202,(anonymous_18)
FN:212,(anonymous_19)
FN:233,(anonymous_20)
FN:237,(anonymous_21)
FN:241,(anonymous_22)
FN:245,(anonymous_23)
FN:255,(anonymous_24)
FN:259,(anonymous_25)
FN:277,(anonymous_26)
FN:301,(anonymous_27)
FNF:28
FNH:11
FNDA:0,(anonymous_0)
FNDA:0,(anonymous_1)
FNDA:0,(anonymous_2)
FNDA:0,(anonymous_3)
FNDA:0,(anonymous_4)
FNDA:0,(anonymous_5)
FNDA:0,(anonymous_6)
FNDA:0,(anonymous_7)
FNDA:0,(anonymous_8)
FNDA:0,(anonymous_9)
FNDA:0,(anonymous_10)
FNDA:0,(anonymous_11)
FNDA:0,(anonymous_12)
FNDA:0,hashPassword
FNDA:0,(anonymous_14)
FNDA:0,(anonymous_15)
FNDA:1,(anonymous_16)
FNDA:1,(anonymous_17)
FNDA:1,(anonymous_18)
FNDA:1,(anonymous_19)
FNDA:1,(anonymous_20)
FNDA:1,(anonymous_21)
FNDA:1,(anonymous_22)
FNDA:2,(anonymous_23)
FNDA:1,(anonymous_24)
FNDA:3,(anonymous_25)
FNDA:1,(anonymous_26)
FNDA:0,(anonymous_27)
DA:1,1
DA:2,1
DA:3,1
DA:4,1
DA:6,1
DA:7,1
DA:9,1
DA:10,1
DA:12,1
DA:14,1
DA:59,1
DA:60,1
DA:61,1
DA:62,1
DA:64,1
DA:70,1
DA:82,1
DA:83,0
DA:85,0
DA:86,0
DA:87,0
DA:89,0
DA:92,0
DA:93,0
DA:95,0
DA:98,0
DA:99,0
DA:101,0
DA:103,0
DA:119,1
DA:120,0
DA:121,0
DA:124,0
DA:128,0
DA:129,0
DA:132,0
DA:133,0
DA:134,0
DA:139,0
DA:140,0
DA:141,0
DA:145,0
DA:150,1
DA:151,0
DA:155,0
DA:158,1
DA:159,1
DA:160,1
DA:161,1
DA:162,1
DA:163,1
DA:164,1
DA:165,0
DA:167,1
DA:168,0
DA:182,1
DA:183,0
DA:186,1
DA:188,1
DA:189,1
DA:190,1
DA:191,1
DA:193,0
DA:202,1
DA:203,1
DA:204,1
DA:205,0
DA:209,1
DA:213,1
DA:214,0
DA:215,0
DA:217,1
DA:218,1
DA:220,0
DA:222,0
DA:224,0
DA:226,0
DA:233,1
DA:234,1
DA:237,1
DA:238,1
DA:241,1
DA:242,1
DA:245,1
DA:246,2
DA:247,2
DA:250,1
DA:255,1
DA:256,1
DA:259,1
DA:260,3
DA:261,3
DA:262,1
DA:264,2
DA:265,1
DA:267,1
DA:268,1
DA:269,1
DA:272,1
DA:277,1
DA:278,1
DA:281,1
DA:282,0
DA:283,0
DA:284,0
DA:288,0
DA:301,0
DA:302,0
DA:310,1
LF:109
LH:66
BRDA:86,0,0,0
BRDA:86,0,1,0
BRDA:87,1,0,0
BRDA:87,1,1,0
BRDA:93,2,0,0
BRDA:93,2,1,0
BRDA:99,3,0,0
BRDA:99,3,1,0
BRDA:128,4,0,0
BRDA:128,4,1,0
BRDA:129,5,0,0
BRDA:129,5,1,0
BRDA:164,6,0,0
BRDA:164,6,1,1
BRDA:164,7,0,1
BRDA:164,7,1,1
BRDA:164,7,2,1
BRDA:167,8,0,0
BRDA:167,8,1,1
BRDA:182,9,0,0
BRDA:182,9,1,1
BRDA:190,10,0,1
BRDA:190,10,1,0
BRDA:204,11,0,0
BRDA:204,11,1,1
BRDA:204,12,0,1
BRDA:204,12,1,1
BRDA:213,13,0,0
BRDA:213,13,1,1
BRDA:217,14,0,1
BRDA:217,14,1,0
BRDA:222,15,0,0
BRDA:222,15,1,0
BRDA:261,16,0,1
BRDA:261,16,1,2
BRDA:261,17,0,3
BRDA:261,17,1,2
BRDA:261,17,2,2
BRDA:264,18,0,1
BRDA:264,18,1,1
BRDA:281,19,0,0
BRDA:281,19,1,1
BRDA:283,20,0,0
BRDA:283,20,1,0
BRF:44
BRH:20
end_of_record
TN:
SF:server\data\events.js
FNF:0
FNH:0
DA:1,1
DA:10,1
LF:2
LH:2
BRF:0
BRH:0
end_of_record
TN:
SF:server\routes\eventRoutes.js
FN:5,(anonymous_0)
FN:7,(anonymous_1)
FNF:2
FNH:2
FNDA:1,(anonymous_0)
FNDA:2,(anonymous_1)
DA:1,1
DA:2,1
DA:3,1
DA:5,1
DA:7,1
DA:9,2
DA:10,2
DA:13,2
DA:14,1
DA:17,1
DA:18,0
DA:22,1
DA:23,0
DA:26,1
DA:27,1
DA:28,1
DA:30,0
DA:31,0
DA:35,1
LF:19
LH:15
BRDA:13,0,0,1
BRDA:13,0,1,1
BRDA:13,1,0,2
BRDA:13,1,1,1
BRDA:13,1,2,1
BRDA:13,1,3,1
BRDA:13,1,4,1
BRDA:17,2,0,0
BRDA:17,2,1,1
BRDA:22,3,0,0
BRDA:22,3,1,1
BRF:11
BRH:9
end_of_record
TN:
SF:server\routes\volunteerRoutes.js
FN:40,(anonymous_0)
FN:43,(anonymous_1)
FN:45,(anonymous_2)
FN:50,(anonymous_3)
FN:52,(anonymous_4)
FN:53,(anonymous_5)
FN:54,(anonymous_6)
FNF:7
FNH:7
FNDA:1,(anonymous_0)
FNDA:2,(anonymous_1)
FNDA:5,(anonymous_2)
FNDA:32,(anonymous_3)
FNDA:6,(anonymous_4)
FNDA:8,(anonymous_5)
FNDA:24,(anonymous_6)
DA:1,1
DA:2,1
DA:3,1
DA:5,1
DA:40,1
DA:43,1
DA:44,2
DA:45,5
DA:46,2
DA:47,1
DA:50,32
DA:52,1
DA:53,6
DA:54,24
DA:56,6
DA:57,6
DA:60,1
DA:63,1
LF:18
LH:18
BRDA:46,0,0,1
BRDA:46,0,1,1
BRDA:56,1,0,6
BRDA:56,1,1,6
BRDA:57,2,0,6
BRDA:57,2,1,2
BRF:6
BRH:6
end_of_record
